<?xml version="1.0" encoding="UTF-8"?>
<!-- Generated by org.testng.reporters.JUnitReportReporter -->
<testsuite hostname="Onsite" failures="0" tests="1" name="com.onsite.material_purchase.Create_Material_Purchase_Test" time="22.759" errors="0" timestamp="2024-09-10T22:15:33 IST" skipped="0">
  <testcase classname="com.onsite.material_purchase.Create_Material_Purchase_Test" name="verifyCreateMaterialPurchasePage" time="22.759"/>
</testsuite> <!-- com.onsite.material_purchase.Create_Material_Purchase_Test -->
