<?xml version="1.0" encoding="UTF-8"?>
<!-- Generated by org.testng.reporters.JUnitReportReporter -->
<testsuite hostname="Onsite" failures="0" tests="1" name="com.onsite.material_transfer.View_Material_Transfer_In_Test" time="8.433" errors="0" timestamp="2024-09-02T15:08:17 IST" skipped="0">
  <testcase classname="com.onsite.material_transfer.View_Material_Transfer_In_Test" name="verifyViewMaterialTransferInPage" time="8.433"/>
</testsuite> <!-- com.onsite.material_transfer.View_Material_Transfer_In_Test -->
