<?xml version="1.0" encoding="UTF-8"?>
<!-- Generated by org.testng.reporters.JUnitReportReporter -->
<testsuite hostname="Onsite" failures="0" tests="1" name="com.onsite.quotation.CreateNewQuotationsTest" time="33.209" errors="0" timestamp="2024-09-23T15:56:25 IST" skipped="0">
  <testcase classname="com.onsite.quotation.CreateNewQuotationsTest" name="verifyCreateNewQuotation" time="33.209"/>
</testsuite> <!-- com.onsite.quotation.CreateNewQuotationsTest -->
