<?xml version="1.0" encoding="UTF-8"?>
<!-- Generated by org.testng.reporters.JUnitReportReporter -->
<testsuite hostname="Onsite" failures="0" tests="1" name="com.onsite.material_purchase.Edit_MaterialPurchaseEntry_IsPaid_Ok_Cta_Test" time="14.737" errors="0" timestamp="2024-09-25T15:45:19 IST" skipped="0">
  <testcase classname="com.onsite.material_purchase.Edit_MaterialPurchaseEntry_IsPaid_Ok_Cta_Test" name="verifyEditMaterialPurchaseIsPaidEntry2" time="14.737"/>
</testsuite> <!-- com.onsite.material_purchase.Edit_MaterialPurchaseEntry_IsPaid_Ok_Cta_Test -->
