<?xml version="1.0" encoding="UTF-8"?>
<!-- Generated by org.testng.reporters.JUnitReportReporter -->
<testsuite hostname="Onsite" failures="0" tests="1" name="com.onsite.debit_note.Create_Debit_Note_Test" time="59.080" errors="0" timestamp="2024-08-25T23:28:39 IST" skipped="0">
  <testcase classname="com.onsite.debit_note.Create_Debit_Note_Test" name="verifyCreateDebitNoteTestPage" time="59.080"/>
</testsuite> <!-- com.onsite.debit_note.Create_Debit_Note_Test -->
