<?xml version="1.0" encoding="UTF-8"?>
<!-- Generated by org.testng.reporters.JUnitReportReporter -->
<testsuite hostname="Onsite" failures="0" tests="1" name="com.onsite.material_purchase.Delete_MaterialPurchase_DelinkPopUpPage_Cancel_Cta_Test" time="9.401" errors="0" timestamp="2024-09-13T02:29:37 IST" skipped="0">
  <testcase classname="com.onsite.material_purchase.Delete_MaterialPurchase_DelinkPopUpPage_Cancel_Cta_Test" name="verifyDeleteMaterialPurchaseIsPaidOkCtaPage" time="9.401"/>
</testsuite> <!-- com.onsite.material_purchase.Delete_MaterialPurchase_DelinkPopUpPage_Cancel_Cta_Test -->
