<?xml version="1.0" encoding="UTF-8"?>
<!-- Generated by org.testng.reporters.JUnitReportReporter -->
<testsuite hostname="Onsite" failures="0" tests="1" name="com.onsite.material_transfer.Create_Material_Transfer_Test" time="34.527" errors="0" timestamp="2024-10-01T23:03:25 IST" skipped="0">
  <testcase classname="com.onsite.material_transfer.Create_Material_Transfer_Test" name="verifyCreateMaterialTransferPage" time="34.527"/>
</testsuite> <!-- com.onsite.material_transfer.Create_Material_Transfer_Test -->
