<?xml version="1.0" encoding="UTF-8"?>
<!-- Generated by org.testng.reporters.JUnitReportReporter -->
<testsuite hostname="Onsite" failures="0" tests="1" name="com.onsite.debit_note.Create_Debit_Note_Without_Item_Test_2" time="47.879" errors="0" timestamp="2024-08-28T14:08:22 IST" skipped="0">
  <testcase classname="com.onsite.debit_note.Create_Debit_Note_Without_Item_Test_2" name="testEditDebitNote" time="47.879"/>
</testsuite> <!-- com.onsite.debit_note.Create_Debit_Note_Without_Item_Test_2 -->
