<?xml version="1.0" encoding="UTF-8"?>
<!-- Generated by org.testng.reporters.JUnitReportReporter -->
<testsuite hostname="Onsite" failures="0" tests="1" name="com.onsite.material_transfer.page2" time="12.120" errors="0" timestamp="2024-09-02T15:51:23 IST" skipped="0">
  <testcase classname="com.onsite.material_transfer.page2" name="verifyCreateMaterialTransferPage" time="12.120"/>
</testsuite> <!-- com.onsite.material_transfer.page2 -->
