<?xml version="1.0" encoding="UTF-8"?>
<!-- Generated by org.testng.reporters.JUnitReportReporter -->
<testsuite hostname="Onsite" failures="0" tests="1" name="com.onsite.debit_note.Create_DebitNote_With_Item_Test" time="40.336" errors="0" timestamp="2024-10-01T23:03:25 IST" skipped="0">
  <testcase classname="com.onsite.debit_note.Create_DebitNote_With_Item_Test" name="verifyCreateDebitNoteWithItemTestPage" time="40.336"/>
</testsuite> <!-- com.onsite.debit_note.Create_DebitNote_With_Item_Test -->
