<?xml version="1.0" encoding="UTF-8"?>
<!-- Generated by org.testng.reporters.JUnitReportReporter -->
<testsuite hostname="Onsite" failures="0" tests="1" name="com.onsite.login.LoginWithNewUserTest" time="0.003" errors="0" timestamp="2024-10-01T23:03:25 IST" skipped="0">
  <testcase classname="com.onsite.login.LoginWithNewUserTest" name="verifyLoginWithNewUser" time="0.003"/>
</testsuite> <!-- com.onsite.login.LoginWithNewUserTest -->
