<?xml version="1.0" encoding="UTF-8"?>
<!-- Generated by org.testng.reporters.JUnitReportReporter -->
<testsuite hostname="Onsite" failures="0" tests="1" name="com.onsite.material_purchase.Delete_MaterialPurchase_IsPaid_Ok_Cta_Test" time="7.741" errors="0" timestamp="2024-09-13T02:00:59 IST" skipped="0">
  <testcase classname="com.onsite.material_purchase.Delete_MaterialPurchase_IsPaid_Ok_Cta_Test" name="verifyDeleteMaterialPurchaseIsPaidOkCtaPage" time="7.741"/>
</testsuite> <!-- com.onsite.material_purchase.Delete_MaterialPurchase_IsPaid_Ok_Cta_Test -->
