<?xml version="1.0" encoding="UTF-8"?>
<!-- Generated by org.testng.reporters.JUnitReportReporter -->
<testsuite hostname="Onsite" failures="0" tests="1" name="com.onsite.debit_note.Delete_DebitNote_Test" time="19.689" errors="0" timestamp="2024-10-17T01:53:32 IST" skipped="0">
  <testcase classname="com.onsite.debit_note.Delete_DebitNote_Test" name="verify_Delete_Debit_Note_Entry_Page" time="19.689"/>
</testsuite> <!-- com.onsite.debit_note.Delete_DebitNote_Test -->
