<?xml version="1.0" encoding="UTF-8"?>
<!-- Generated by org.testng.reporters.JUnitReportReporter -->
<testsuite hostname="Onsite" failures="0" tests="1" name="com.onsite.material_purchase.Create_Material_Purchase_IsUnPaid_Test2" time="19.588" errors="0" timestamp="2024-09-11T02:13:04 IST" skipped="0">
  <testcase classname="com.onsite.material_purchase.Create_Material_Purchase_IsUnPaid_Test2" name="verifyCreateMaterialPurchasePage" time="19.588"/>
</testsuite> <!-- com.onsite.material_purchase.Create_Material_Purchase_IsUnPaid_Test2 -->
