<?xml version="1.0" encoding="UTF-8"?>
<!-- Generated by org.testng.reporters.JUnitReportReporter -->
<testsuite hostname="Onsite" failures="0" tests="1" name="com.onsite.debit_note.Create_Debit_Note_With_Item_Test" time="38.929" errors="0" timestamp="2024-08-28T15:07:24 IST" skipped="0">
  <testcase classname="com.onsite.debit_note.Create_Debit_Note_With_Item_Test" name="verifyCreateDebitNoteWithItemTestPage" time="38.929"/>
</testsuite> <!-- com.onsite.debit_note.Create_Debit_Note_With_Item_Test -->
