<?xml version="1.0" encoding="UTF-8"?>
<!-- Generated by org.testng.reporters.JUnitReportReporter -->
<testsuite hostname="Onsite" failures="0" tests="1" name="com.onsite.material_purchase.Create_MaterialPurchaseEntry_IsPaid_Test" time="29.016" errors="0" timestamp="2024-10-03T16:28:05 IST" skipped="0">
  <testcase classname="com.onsite.material_purchase.Create_MaterialPurchaseEntry_IsPaid_Test" name="verifyCreateMaterialPurchasePage" time="29.016"/>
</testsuite> <!-- com.onsite.material_purchase.Create_MaterialPurchaseEntry_IsPaid_Test -->
