<?xml version="1.0" encoding="UTF-8"?>
<!-- Generated by org.testng.reporters.JUnitReportReporter -->
<testsuite hostname="Onsite" failures="0" tests="1" name="com.onsite.quotation_test.CreateNewQuotationsTest" time="17.407" errors="0" timestamp="2024-08-25T01:24:24 IST" skipped="0">
  <testcase classname="com.onsite.quotation_test.CreateNewQuotationsTest" name="verifyCreateNewQuotation" time="17.407"/>
</testsuite> <!-- com.onsite.quotation_test.CreateNewQuotationsTest -->
