<?xml version="1.0" encoding="UTF-8"?>
<!-- Generated by org.testng.reporters.JUnitReportReporter -->
<testsuite hostname="Onsite" failures="0" tests="1" name="com.onsite.debit_note.Edit_Debit_Note_with_debititem_Test" time="13.077" errors="0" timestamp="2024-09-01T12:10:33 IST" skipped="0">
  <testcase classname="com.onsite.debit_note.Edit_Debit_Note_with_debititem_Test" name="verifyEditDebitNoteTrest" time="13.077"/>
</testsuite> <!-- com.onsite.debit_note.Edit_Debit_Note_with_debititem_Test -->
