<?xml version="1.0" encoding="UTF-8"?>
<!-- Generated by org.testng.reporters.JUnitReportReporter -->
<testsuite hostname="Onsite" failures="0" tests="1" name="com.onsite.material_purchase.Create_MaterialPurchaseEntry_IsUnpaid_Test" time="16.392" errors="0" timestamp="2024-09-23T17:25:19 IST" skipped="0">
  <testcase classname="com.onsite.material_purchase.Create_MaterialPurchaseEntry_IsUnpaid_Test" name="verifyCreateMaterialPurchasePage" time="16.392"/>
</testsuite> <!-- com.onsite.material_purchase.Create_MaterialPurchaseEntry_IsUnpaid_Test -->
