<?xml version="1.0" encoding="UTF-8"?>
<!-- Generated by org.testng.reporters.JUnitReportReporter -->
<testsuite hostname="Onsite" failures="0" tests="1" name="com.onsite.material_transfer.Create_Material_Transfer_Test" time="27.372" errors="0" timestamp="2024-10-03T16:28:05 IST" skipped="0">
  <testcase classname="com.onsite.material_transfer.Create_Material_Transfer_Test" name="verifyCreateMaterialTransferPage" time="27.372"/>
</testsuite> <!-- com.onsite.material_transfer.Create_Material_Transfer_Test -->
