<?xml version="1.0" encoding="UTF-8"?>
<!-- Generated by org.testng.reporters.JUnitReportReporter -->
<testsuite hostname="Onsite" failures="0" tests="1" name="com.onsite.material_purchase.Create_Material_Purchase_IsUnPaid_Test" time="11.743" errors="0" timestamp="2024-09-13T00:36:07 IST" skipped="0">
  <testcase classname="com.onsite.material_purchase.Create_Material_Purchase_IsUnPaid_Test" name="verifyCreateMaterialPurchasePage" time="11.743"/>
</testsuite> <!-- com.onsite.material_purchase.Create_Material_Purchase_IsUnPaid_Test -->
