<?xml version="1.0" encoding="UTF-8"?>
<!-- Generated by org.testng.reporters.JUnitReportReporter -->
<testsuite hostname="Onsite" failures="0" tests="1" name="com.onsite.debit_note.Edit_Debit_Note_Test" time="53.442" errors="0" timestamp="2024-08-28T23:02:38 IST" skipped="0">
  <testcase classname="com.onsite.debit_note.Edit_Debit_Note_Test" name="verifyEditDebitNoteTrest" time="53.442"/>
</testsuite> <!-- com.onsite.debit_note.Edit_Debit_Note_Test -->
