<?xml version="1.0" encoding="UTF-8"?>
<!-- Generated by org.testng.reporters.JUnitReportReporter -->
<testsuite hostname="Onsite" failures="0" tests="1" name="com.onsite.debit_note.Create_Debit_Note_Without_Item_Test" time="53.706" errors="0" timestamp="2024-08-28T14:20:26 IST" skipped="0">
  <testcase classname="com.onsite.debit_note.Create_Debit_Note_Without_Item_Test" name="testEditDebitNote" time="53.706"/>
</testsuite> <!-- com.onsite.debit_note.Create_Debit_Note_Without_Item_Test -->
