<?xml version="1.0" encoding="UTF-8"?>
<!-- Generated by org.testng.reporters.JUnitReportReporter -->
<testsuite hostname="Onsite" failures="0" tests="1" name="com.onsite.material_transfer.Delete_Material_Transfer_In_Test" time="10.822" errors="0" timestamp="2024-09-02T02:59:20 IST" skipped="0">
  <testcase classname="com.onsite.material_transfer.Delete_Material_Transfer_In_Test" name="verify_Delete_Material_Transfer_In" time="10.822"/>
</testsuite> <!-- com.onsite.material_transfer.Delete_Material_Transfer_In_Test -->
