<?xml version="1.0" encoding="UTF-8"?>
<!-- Generated by org.testng.reporters.JUnitReportReporter -->
<testsuite hostname="Onsite" failures="0" tests="1" name="com.onsite.material_purchase.Edit_MaterialPurchase_IsPaid_Cancel_Cta_Test" time="10.105" errors="0" timestamp="2024-09-13T00:04:06 IST" skipped="0">
  <testcase classname="com.onsite.material_purchase.Edit_MaterialPurchase_IsPaid_Cancel_Cta_Test" name="verifyEditMaterialPurchaseIsPaidEntry2" time="10.105"/>
</testsuite> <!-- com.onsite.material_purchase.Edit_MaterialPurchase_IsPaid_Cancel_Cta_Test -->
